<?xml version="1.0" encoding="UTF-8"?><testsuite errors="1" failures="0" name="Busqueda palabra" skipped="0" tests="1" time="17.27" timestamp="2020-11-11 01:41:48"><testcase name="buscar palabra"><error message="class &quot;org.hamcrest.Matchers&quot;'s signer information does not match signer information of other classes in the same package" type="java.lang.AssertionError">class "org.hamcrest.Matchers"'s signer information does not match signer information of other classes in the same package</error><system-err>class "org.hamcrest.Matchers"'s signer information does not match signer information of other classes in the same package&#13;
co.com.arbusta.capacitacion.autoScreenplayCucumber.stepdefinitions.BusquedaPalabra.usuario_visualiza_la_definicion(BusquedaPalabra.java:61)&#13;
✽.usuario visualiza la definicion(file:///C:/Users/POR00028/eclipse-workspace/autoScreenplayCucumber/src/test/resources/features/busquedaPalabra.feature:12)&#13;
</system-err></testcase></testsuite>